app/build/intermediates/manifest_merge_blame_file/debug/processDebugMainManifest/manifest-merger-blame-debug-report.txt
1<?xml version="1.0" encoding="utf-8"?>
2<manifest xmlns:android="http://schemas.android.com/apk/res/android"
3    package="com.attendancehr.app"
4    android:versionCode="1"
5    android:versionName="1.0.0" >
6
7    <uses-sdk
8        android:minSdkVersion="26"
9        android:targetSdkVersion="36" />
10
11    <uses-permission android:name="android.permission.INTERNET" />
11-->src\main\AndroidManifest.xml:4:5-67
11-->src\main\AndroidManifest.xml:4:22-64
12    <uses-permission android:name="android.permission.ACCESS_FINE_LOCATION" />
12-->src\main\AndroidManifest.xml:5:5-79
12-->src\main\AndroidManifest.xml:5:22-76
13    <uses-permission android:name="android.permission.ACCESS_COARSE_LOCATION" />
13-->src\main\AndroidManifest.xml:6:5-81
13-->src\main\AndroidManifest.xml:6:22-78
14    <uses-permission android:name="android.permission.CAMERA" />
14-->src\main\AndroidManifest.xml:7:5-65
14-->src\main\AndroidManifest.xml:7:22-62
15
16    <uses-feature
16-->src\main\AndroidManifest.xml:9:5-85
17        android:name="android.hardware.camera"
17-->src\main\AndroidManifest.xml:9:19-57
18        android:required="false" />
18-->src\main\AndroidManifest.xml:9:58-82
19
20    <uses-permission android:name="android.permission.ACCESS_NETWORK_STATE" />
20-->[com.google.firebase:firebase-auth:23.2.0] AndroidManifest.xml:26:5-79
20-->[com.google.firebase:firebase-auth:23.2.0] AndroidManifest.xml:26:22-76
21    <uses-permission android:name="android.permission.USE_BIOMETRIC" /> <!-- suppress DeprecatedClassUsageInspection -->
21-->[androidx.biometric:biometric:1.1.0] AndroidManifest.xml:24:5-72
21-->[androidx.biometric:biometric:1.1.0] AndroidManifest.xml:24:22-69
22    <uses-permission android:name="android.permission.USE_FINGERPRINT" />
22-->[androidx.biometric:biometric:1.1.0] AndroidManifest.xml:27:5-74
22-->[androidx.biometric:biometric:1.1.0] AndroidManifest.xml:27:22-71
23    <uses-permission android:name="com.google.android.providers.gsf.permission.READ_GSERVICES" />
23-->[com.google.android.recaptcha:recaptcha:18.6.1] AndroidManifest.xml:9:5-98
23-->[com.google.android.recaptcha:recaptcha:18.6.1] AndroidManifest.xml:9:22-95
24
25    <permission
25-->[androidx.core:core:1.16.0] AndroidManifest.xml:22:5-24:47
26        android:name="com.attendancehr.app.DYNAMIC_RECEIVER_NOT_EXPORTED_PERMISSION"
26-->[androidx.core:core:1.16.0] AndroidManifest.xml:23:9-81
27        android:protectionLevel="signature" />
27-->[androidx.core:core:1.16.0] AndroidManifest.xml:24:9-44
28
29    <uses-permission android:name="com.attendancehr.app.DYNAMIC_RECEIVER_NOT_EXPORTED_PERMISSION" />
29-->[androidx.core:core:1.16.0] AndroidManifest.xml:26:5-97
29-->[androidx.core:core:1.16.0] AndroidManifest.xml:26:22-94
30
31    <application
31-->src\main\AndroidManifest.xml:11:5-29:19
32        android:allowBackup="true"
32-->src\main\AndroidManifest.xml:12:9-35
33        android:appComponentFactory="androidx.core.app.CoreComponentFactory"
33-->[androidx.core:core:1.16.0] AndroidManifest.xml:28:18-86
34        android:debuggable="true"
35        android:extractNativeLibs="false"
36        android:icon="@mipmap/ic_launcher"
36-->src\main\AndroidManifest.xml:13:9-43
37        android:label="@string/app_name"
37-->src\main\AndroidManifest.xml:14:9-41
38        android:roundIcon="@mipmap/ic_launcher_round"
38-->src\main\AndroidManifest.xml:15:9-54
39        android:supportsRtl="true"
39-->src\main\AndroidManifest.xml:16:9-35
40        android:testOnly="true"
41        android:theme="@style/Theme.AttendanceHR" >
41-->src\main\AndroidManifest.xml:17:9-50
42        <activity
42-->src\main\AndroidManifest.xml:19:9-27:20
43            android:name="com.attendancehr.app.MainActivity"
43-->src\main\AndroidManifest.xml:20:13-41
44            android:exported="true"
44-->src\main\AndroidManifest.xml:21:13-36
45            android:launchMode="singleTop" >
45-->src\main\AndroidManifest.xml:22:13-43
46            <intent-filter>
46-->src\main\AndroidManifest.xml:23:13-26:29
47                <action android:name="android.intent.action.MAIN" />
47-->src\main\AndroidManifest.xml:24:17-69
47-->src\main\AndroidManifest.xml:24:25-66
48
49                <category android:name="android.intent.category.LAUNCHER" />
49-->src\main\AndroidManifest.xml:25:17-77
49-->src\main\AndroidManifest.xml:25:27-74
50            </intent-filter>
51        </activity>
52        <activity
52-->[androidx.compose.ui:ui-tooling-android:1.10.3] AndroidManifest.xml:23:9-25:39
53            android:name="androidx.compose.ui.tooling.PreviewActivity"
53-->[androidx.compose.ui:ui-tooling-android:1.10.3] AndroidManifest.xml:24:13-71
54            android:exported="true" />
54-->[androidx.compose.ui:ui-tooling-android:1.10.3] AndroidManifest.xml:25:13-36
55
56        <service
56-->[com.google.firebase:firebase-auth-ktx:23.2.0] AndroidManifest.xml:8:9-14:19
57            android:name="com.google.firebase.components.ComponentDiscoveryService"
57-->[com.google.firebase:firebase-auth-ktx:23.2.0] AndroidManifest.xml:9:13-84
58            android:directBootAware="true"
58-->[com.google.firebase:firebase-common:21.0.0] AndroidManifest.xml:32:13-43
59            android:exported="false" >
59-->[com.google.firebase:firebase-auth-ktx:23.2.0] AndroidManifest.xml:10:13-37
60            <meta-data
60-->[com.google.firebase:firebase-auth-ktx:23.2.0] AndroidManifest.xml:11:13-13:85
61                android:name="com.google.firebase.components:com.google.firebase.auth.ktx.FirebaseAuthLegacyRegistrar"
61-->[com.google.firebase:firebase-auth-ktx:23.2.0] AndroidManifest.xml:12:17-119
62                android:value="com.google.firebase.components.ComponentRegistrar" />
62-->[com.google.firebase:firebase-auth-ktx:23.2.0] AndroidManifest.xml:13:17-82
63            <meta-data
63-->[com.google.firebase:firebase-auth:23.2.0] AndroidManifest.xml:69:13-71:85
64                android:name="com.google.firebase.components:com.google.firebase.auth.FirebaseAuthRegistrar"
64-->[com.google.firebase:firebase-auth:23.2.0] AndroidManifest.xml:70:17-109
65                android:value="com.google.firebase.components.ComponentRegistrar" />
65-->[com.google.firebase:firebase-auth:23.2.0] AndroidManifest.xml:71:17-82
66            <meta-data
66-->[com.google.firebase:firebase-firestore-ktx:25.1.2] AndroidManifest.xml:12:13-14:85
67                android:name="com.google.firebase.components:com.google.firebase.firestore.ktx.FirebaseFirestoreLegacyRegistrar"
67-->[com.google.firebase:firebase-firestore-ktx:25.1.2] AndroidManifest.xml:13:17-129
68                android:value="com.google.firebase.components.ComponentRegistrar" />
68-->[com.google.firebase:firebase-firestore-ktx:25.1.2] AndroidManifest.xml:14:17-82
69            <meta-data
69-->[com.google.firebase:firebase-firestore:25.1.2] AndroidManifest.xml:17:13-19:85
70                android:name="com.google.firebase.components:com.google.firebase.firestore.FirebaseFirestoreKtxRegistrar"
70-->[com.google.firebase:firebase-firestore:25.1.2] AndroidManifest.xml:18:17-122
71                android:value="com.google.firebase.components.ComponentRegistrar" />
71-->[com.google.firebase:firebase-firestore:25.1.2] AndroidManifest.xml:19:17-82
72            <meta-data
72-->[com.google.firebase:firebase-firestore:25.1.2] AndroidManifest.xml:20:13-22:85
73                android:name="com.google.firebase.components:com.google.firebase.firestore.FirestoreRegistrar"
73-->[com.google.firebase:firebase-firestore:25.1.2] AndroidManifest.xml:21:17-111
74                android:value="com.google.firebase.components.ComponentRegistrar" />
74-->[com.google.firebase:firebase-firestore:25.1.2] AndroidManifest.xml:22:17-82
75            <meta-data
75-->[com.google.firebase:firebase-common-ktx:21.0.0] AndroidManifest.xml:12:13-14:85
76                android:name="com.google.firebase.components:com.google.firebase.ktx.FirebaseCommonLegacyRegistrar"
76-->[com.google.firebase:firebase-common-ktx:21.0.0] AndroidManifest.xml:13:17-116
77                android:value="com.google.firebase.components.ComponentRegistrar" />
77-->[com.google.firebase:firebase-common-ktx:21.0.0] AndroidManifest.xml:14:17-82
78            <meta-data
78-->[com.google.firebase:firebase-common:21.0.0] AndroidManifest.xml:35:13-37:85
79                android:name="com.google.firebase.components:com.google.firebase.FirebaseCommonKtxRegistrar"
79-->[com.google.firebase:firebase-common:21.0.0] AndroidManifest.xml:36:17-109
80                android:value="com.google.firebase.components.ComponentRegistrar" />
80-->[com.google.firebase:firebase-common:21.0.0] AndroidManifest.xml:37:17-82
81        </service>
82
83        <activity
83-->[com.google.firebase:firebase-auth:23.2.0] AndroidManifest.xml:29:9-46:20
84            android:name="com.google.firebase.auth.internal.GenericIdpActivity"
84-->[com.google.firebase:firebase-auth:23.2.0] AndroidManifest.xml:30:13-80
85            android:excludeFromRecents="true"
85-->[com.google.firebase:firebase-auth:23.2.0] AndroidManifest.xml:31:13-46
86            android:exported="true"
86-->[com.google.firebase:firebase-auth:23.2.0] AndroidManifest.xml:32:13-36
87            android:launchMode="singleTask"
87-->[com.google.firebase:firebase-auth:23.2.0] AndroidManifest.xml:33:13-44
88            android:theme="@android:style/Theme.Translucent.NoTitleBar" >
88-->[com.google.firebase:firebase-auth:23.2.0] AndroidManifest.xml:34:13-72
89            <intent-filter>
89-->[com.google.firebase:firebase-auth:23.2.0] AndroidManifest.xml:35:13-45:29
90                <action android:name="android.intent.action.VIEW" />
90-->[com.google.firebase:firebase-auth:23.2.0] AndroidManifest.xml:36:17-69
90-->[com.google.firebase:firebase-auth:23.2.0] AndroidManifest.xml:36:25-66
91
92                <category android:name="android.intent.category.DEFAULT" />
92-->[com.google.firebase:firebase-auth:23.2.0] AndroidManifest.xml:38:17-76
92-->[com.google.firebase:firebase-auth:23.2.0] AndroidManifest.xml:38:27-73
93                <category android:name="android.intent.category.BROWSABLE" />
93-->[com.google.firebase:firebase-auth:23.2.0] AndroidManifest.xml:39:17-78
93-->[com.google.firebase:firebase-auth:23.2.0] AndroidManifest.xml:39:27-75
94
95                <data
95-->[com.google.firebase:firebase-auth:23.2.0] AndroidManifest.xml:41:17-44:51
96                    android:host="firebase.auth"
96-->[com.google.firebase:firebase-auth:23.2.0] AndroidManifest.xml:42:21-49
97                    android:path="/"
97-->[com.google.firebase:firebase-auth:23.2.0] AndroidManifest.xml:43:21-37
98                    android:scheme="genericidp" />
98-->[com.google.firebase:firebase-auth:23.2.0] AndroidManifest.xml:44:21-48
99            </intent-filter>
100        </activity>
101        <activity
101-->[com.google.firebase:firebase-auth:23.2.0] AndroidManifest.xml:47:9-64:20
102            android:name="com.google.firebase.auth.internal.RecaptchaActivity"
102-->[com.google.firebase:firebase-auth:23.2.0] AndroidManifest.xml:48:13-79
103            android:excludeFromRecents="true"
103-->[com.google.firebase:firebase-auth:23.2.0] AndroidManifest.xml:49:13-46
104            android:exported="true"
104-->[com.google.firebase:firebase-auth:23.2.0] AndroidManifest.xml:50:13-36
105            android:launchMode="singleTask"
105-->[com.google.firebase:firebase-auth:23.2.0] AndroidManifest.xml:51:13-44
106            android:theme="@android:style/Theme.Translucent.NoTitleBar" >
106-->[com.google.firebase:firebase-auth:23.2.0] AndroidManifest.xml:52:13-72
107            <intent-filter>
107-->[com.google.firebase:firebase-auth:23.2.0] AndroidManifest.xml:53:13-63:29
108                <action android:name="android.intent.action.VIEW" />
108-->[com.google.firebase:firebase-auth:23.2.0] AndroidManifest.xml:36:17-69
108-->[com.google.firebase:firebase-auth:23.2.0] AndroidManifest.xml:36:25-66
109
110                <category android:name="android.intent.category.DEFAULT" />
110-->[com.google.firebase:firebase-auth:23.2.0] AndroidManifest.xml:38:17-76
110-->[com.google.firebase:firebase-auth:23.2.0] AndroidManifest.xml:38:27-73
111                <category android:name="android.intent.category.BROWSABLE" />
111-->[com.google.firebase:firebase-auth:23.2.0] AndroidManifest.xml:39:17-78
111-->[com.google.firebase:firebase-auth:23.2.0] AndroidManifest.xml:39:27-75
112
113                <data
113-->[com.google.firebase:firebase-auth:23.2.0] AndroidManifest.xml:41:17-44:51
114                    android:host="firebase.auth"
114-->[com.google.firebase:firebase-auth:23.2.0] AndroidManifest.xml:42:21-49
115                    android:path="/"
115-->[com.google.firebase:firebase-auth:23.2.0] AndroidManifest.xml:43:21-37
116                    android:scheme="recaptcha" />
116-->[com.google.firebase:firebase-auth:23.2.0] AndroidManifest.xml:44:21-48
117            </intent-filter>
118        </activity>
119
120        <service
120-->[androidx.credentials:credentials-play-services-auth:1.6.0-beta01] AndroidManifest.xml:24:9-32:19
121            android:name="androidx.credentials.playservices.CredentialProviderMetadataHolder"
121-->[androidx.credentials:credentials-play-services-auth:1.6.0-beta01] AndroidManifest.xml:25:13-94
122            android:enabled="true"
122-->[androidx.credentials:credentials-play-services-auth:1.6.0-beta01] AndroidManifest.xml:26:13-35
123            android:exported="false" >
123-->[androidx.credentials:credentials-play-services-auth:1.6.0-beta01] AndroidManifest.xml:27:13-37
124            <meta-data
124-->[androidx.credentials:credentials-play-services-auth:1.6.0-beta01] AndroidManifest.xml:29:13-31:104
125                android:name="androidx.credentials.CREDENTIAL_PROVIDER_KEY"
125-->[androidx.credentials:credentials-play-services-auth:1.6.0-beta01] AndroidManifest.xml:30:17-76
126                android:value="androidx.credentials.playservices.CredentialProviderPlayServicesImpl" />
126-->[androidx.credentials:credentials-play-services-auth:1.6.0-beta01] AndroidManifest.xml:31:17-101
127        </service>
128
129        <activity
129-->[androidx.credentials:credentials-play-services-auth:1.6.0-beta01] AndroidManifest.xml:34:9-41:20
130            android:name="androidx.credentials.playservices.controllers.identityauth.HiddenActivity"
130-->[androidx.credentials:credentials-play-services-auth:1.6.0-beta01] AndroidManifest.xml:35:13-101
131            android:configChanges="orientation|screenSize|screenLayout|keyboardHidden"
131-->[androidx.credentials:credentials-play-services-auth:1.6.0-beta01] AndroidManifest.xml:36:13-87
132            android:enabled="true"
132-->[androidx.credentials:credentials-play-services-auth:1.6.0-beta01] AndroidManifest.xml:37:13-35
133            android:exported="false"
133-->[androidx.credentials:credentials-play-services-auth:1.6.0-beta01] AndroidManifest.xml:38:13-37
134            android:fitsSystemWindows="true"
134-->[androidx.credentials:credentials-play-services-auth:1.6.0-beta01] AndroidManifest.xml:39:13-45
135            android:theme="@style/Theme.Hidden" >
135-->[androidx.credentials:credentials-play-services-auth:1.6.0-beta01] AndroidManifest.xml:40:13-48
136        </activity>
137        <activity
137-->[androidx.credentials:credentials-play-services-auth:1.6.0-beta01] AndroidManifest.xml:42:9-49:20
138            android:name="androidx.credentials.playservices.controllers.identitycredentials.IdentityCredentialApiHiddenActivity"
138-->[androidx.credentials:credentials-play-services-auth:1.6.0-beta01] AndroidManifest.xml:43:13-129
139            android:configChanges="orientation|screenSize|screenLayout|keyboardHidden"
139-->[androidx.credentials:credentials-play-services-auth:1.6.0-beta01] AndroidManifest.xml:44:13-87
140            android:enabled="true"
140-->[androidx.credentials:credentials-play-services-auth:1.6.0-beta01] AndroidManifest.xml:45:13-35
141            android:exported="false"
141-->[androidx.credentials:credentials-play-services-auth:1.6.0-beta01] AndroidManifest.xml:46:13-37
142            android:fitsSystemWindows="true"
142-->[androidx.credentials:credentials-play-services-auth:1.6.0-beta01] AndroidManifest.xml:47:13-45
143            android:theme="@style/Theme.Hidden" >
143-->[androidx.credentials:credentials-play-services-auth:1.6.0-beta01] AndroidManifest.xml:48:13-48
144        </activity>
145        <!--
146        Service for holding metadata. Cannot be instantiated.
147        Metadata will be merged from other manifests.
148        -->
149        <service
149-->[androidx.camera:camera-core:1.5.3] AndroidManifest.xml:29:9-33:78
150            android:name="androidx.camera.core.impl.MetadataHolderService"
150-->[androidx.camera:camera-core:1.5.3] AndroidManifest.xml:30:13-75
151            android:enabled="false"
151-->[androidx.camera:camera-core:1.5.3] AndroidManifest.xml:31:13-36
152            android:exported="false" >
152-->[androidx.camera:camera-core:1.5.3] AndroidManifest.xml:32:13-37
153            <meta-data
153-->[androidx.camera:camera-camera2:1.5.3] AndroidManifest.xml:30:13-32:89
154                android:name="androidx.camera.core.impl.MetadataHolderService.DEFAULT_CONFIG_PROVIDER"
154-->[androidx.camera:camera-camera2:1.5.3] AndroidManifest.xml:31:17-103
155                android:value="androidx.camera.camera2.Camera2Config$DefaultProvider" />
155-->[androidx.camera:camera-camera2:1.5.3] AndroidManifest.xml:32:17-86
156        </service>
157
158        <activity
158-->[com.google.android.gms:play-services-auth:21.1.1] AndroidManifest.xml:23:9-27:75
159            android:name="com.google.android.gms.auth.api.signin.internal.SignInHubActivity"
159-->[com.google.android.gms:play-services-auth:21.1.1] AndroidManifest.xml:24:13-93
160            android:excludeFromRecents="true"
160-->[com.google.android.gms:play-services-auth:21.1.1] AndroidManifest.xml:25:13-46
161            android:exported="false"
161-->[com.google.android.gms:play-services-auth:21.1.1] AndroidManifest.xml:26:13-37
162            android:theme="@android:style/Theme.Translucent.NoTitleBar" />
162-->[com.google.android.gms:play-services-auth:21.1.1] AndroidManifest.xml:27:13-72
163        <!--
164            Service handling Google Sign-In user revocation. For apps that do not integrate with
165            Google Sign-In, this service will never be started.
166        -->
167        <service
167-->[com.google.android.gms:play-services-auth:21.1.1] AndroidManifest.xml:33:9-37:51
168            android:name="com.google.android.gms.auth.api.signin.RevocationBoundService"
168-->[com.google.android.gms:play-services-auth:21.1.1] AndroidManifest.xml:34:13-89
169            android:exported="true"
169-->[com.google.android.gms:play-services-auth:21.1.1] AndroidManifest.xml:35:13-36
170            android:permission="com.google.android.gms.auth.api.signin.permission.REVOCATION_NOTIFICATION"
170-->[com.google.android.gms:play-services-auth:21.1.1] AndroidManifest.xml:36:13-107
171            android:visibleToInstantApps="true" />
171-->[com.google.android.gms:play-services-auth:21.1.1] AndroidManifest.xml:37:13-48
172
173        <activity
173-->[com.google.android.gms:play-services-base:18.5.0] AndroidManifest.xml:5:9-173
174            android:name="com.google.android.gms.common.api.GoogleApiActivity"
174-->[com.google.android.gms:play-services-base:18.5.0] AndroidManifest.xml:5:19-85
175            android:exported="false"
175-->[com.google.android.gms:play-services-base:18.5.0] AndroidManifest.xml:5:146-170
176            android:theme="@android:style/Theme.Translucent.NoTitleBar" />
176-->[com.google.android.gms:play-services-base:18.5.0] AndroidManifest.xml:5:86-145
177
178        <provider
178-->[com.google.firebase:firebase-common:21.0.0] AndroidManifest.xml:23:9-28:39
179            android:name="com.google.firebase.provider.FirebaseInitProvider"
179-->[com.google.firebase:firebase-common:21.0.0] AndroidManifest.xml:24:13-77
180            android:authorities="com.attendancehr.app.firebaseinitprovider"
180-->[com.google.firebase:firebase-common:21.0.0] AndroidManifest.xml:25:13-72
181            android:directBootAware="true"
181-->[com.google.firebase:firebase-common:21.0.0] AndroidManifest.xml:26:13-43
182            android:exported="false"
182-->[com.google.firebase:firebase-common:21.0.0] AndroidManifest.xml:27:13-37
183            android:initOrder="100" />
183-->[com.google.firebase:firebase-common:21.0.0] AndroidManifest.xml:28:13-36
184
185        <uses-library
185-->[androidx.window:window:1.5.0] AndroidManifest.xml:23:9-25:40
186            android:name="androidx.window.extensions"
186-->[androidx.window:window:1.5.0] AndroidManifest.xml:24:13-54
187            android:required="false" />
187-->[androidx.window:window:1.5.0] AndroidManifest.xml:25:13-37
188        <uses-library
188-->[androidx.window:window:1.5.0] AndroidManifest.xml:26:9-28:40
189            android:name="androidx.window.sidecar"
189-->[androidx.window:window:1.5.0] AndroidManifest.xml:27:13-51
190            android:required="false" />
190-->[androidx.window:window:1.5.0] AndroidManifest.xml:28:13-37
191
192        <provider
192-->[androidx.emoji2:emoji2:1.4.0] AndroidManifest.xml:24:9-32:20
193            android:name="androidx.startup.InitializationProvider"
193-->[androidx.emoji2:emoji2:1.4.0] AndroidManifest.xml:25:13-67
194            android:authorities="com.attendancehr.app.androidx-startup"
194-->[androidx.emoji2:emoji2:1.4.0] AndroidManifest.xml:26:13-68
195            android:exported="false" >
195-->[androidx.emoji2:emoji2:1.4.0] AndroidManifest.xml:27:13-37
196            <meta-data
196-->[androidx.emoji2:emoji2:1.4.0] AndroidManifest.xml:29:13-31:52
197                android:name="androidx.emoji2.text.EmojiCompatInitializer"
197-->[androidx.emoji2:emoji2:1.4.0] AndroidManifest.xml:30:17-75
198                android:value="androidx.startup" />
198-->[androidx.emoji2:emoji2:1.4.0] AndroidManifest.xml:31:17-49
199            <meta-data
199-->[androidx.lifecycle:lifecycle-process:2.9.4] AndroidManifest.xml:29:13-31:52
200                android:name="androidx.lifecycle.ProcessLifecycleInitializer"
200-->[androidx.lifecycle:lifecycle-process:2.9.4] AndroidManifest.xml:30:17-78
201                android:value="androidx.startup" />
201-->[androidx.lifecycle:lifecycle-process:2.9.4] AndroidManifest.xml:31:17-49
202            <meta-data
202-->[androidx.profileinstaller:profileinstaller:1.4.0] AndroidManifest.xml:29:13-31:52
203                android:name="androidx.profileinstaller.ProfileInstallerInitializer"
203-->[androidx.profileinstaller:profileinstaller:1.4.0] AndroidManifest.xml:30:17-85
204                android:value="androidx.startup" />
204-->[androidx.profileinstaller:profileinstaller:1.4.0] AndroidManifest.xml:31:17-49
205        </provider>
206
207        <meta-data
207-->[com.google.android.gms:play-services-basement:18.5.0] AndroidManifest.xml:21:9-23:69
208            android:name="com.google.android.gms.version"
208-->[com.google.android.gms:play-services-basement:18.5.0] AndroidManifest.xml:22:13-58
209            android:value="@integer/google_play_services_version" />
209-->[com.google.android.gms:play-services-basement:18.5.0] AndroidManifest.xml:23:13-66
210
211        <receiver
211-->[androidx.profileinstaller:profileinstaller:1.4.0] AndroidManifest.xml:34:9-52:20
212            android:name="androidx.profileinstaller.ProfileInstallReceiver"
212-->[androidx.profileinstaller:profileinstaller:1.4.0] AndroidManifest.xml:35:13-76
213            android:directBootAware="false"
213-->[androidx.profileinstaller:profileinstaller:1.4.0] AndroidManifest.xml:36:13-44
214            android:enabled="true"
214-->[androidx.profileinstaller:profileinstaller:1.4.0] AndroidManifest.xml:37:13-35
215            android:exported="true"
215-->[androidx.profileinstaller:profileinstaller:1.4.0] AndroidManifest.xml:38:13-36
216            android:permission="android.permission.DUMP" >
216-->[androidx.profileinstaller:profileinstaller:1.4.0] AndroidManifest.xml:39:13-57
217            <intent-filter>
217-->[androidx.profileinstaller:profileinstaller:1.4.0] AndroidManifest.xml:40:13-42:29
218                <action android:name="androidx.profileinstaller.action.INSTALL_PROFILE" />
218-->[androidx.profileinstaller:profileinstaller:1.4.0] AndroidManifest.xml:41:17-91
218-->[androidx.profileinstaller:profileinstaller:1.4.0] AndroidManifest.xml:41:25-88
219            </intent-filter>
220            <intent-filter>
220-->[androidx.profileinstaller:profileinstaller:1.4.0] AndroidManifest.xml:43:13-45:29
221                <action android:name="androidx.profileinstaller.action.SKIP_FILE" />
221-->[androidx.profileinstaller:profileinstaller:1.4.0] AndroidManifest.xml:44:17-85
221-->[androidx.profileinstaller:profileinstaller:1.4.0] AndroidManifest.xml:44:25-82
222            </intent-filter>
223            <intent-filter>
223-->[androidx.profileinstaller:profileinstaller:1.4.0] AndroidManifest.xml:46:13-48:29
224                <action android:name="androidx.profileinstaller.action.SAVE_PROFILE" />
224-->[androidx.profileinstaller:profileinstaller:1.4.0] AndroidManifest.xml:47:17-88
224-->[androidx.profileinstaller:profileinstaller:1.4.0] AndroidManifest.xml:47:25-85
225            </intent-filter>
226            <intent-filter>
226-->[androidx.profileinstaller:profileinstaller:1.4.0] AndroidManifest.xml:49:13-51:29
227                <action android:name="androidx.profileinstaller.action.BENCHMARK_OPERATION" />
227-->[androidx.profileinstaller:profileinstaller:1.4.0] AndroidManifest.xml:50:17-95
227-->[androidx.profileinstaller:profileinstaller:1.4.0] AndroidManifest.xml:50:25-92
228            </intent-filter>
229        </receiver> <!-- The activities will be merged into the manifest of the hosting app. -->
230        <activity
230-->[com.google.android.play:core-common:2.0.3] AndroidManifest.xml:14:9-18:65
231            android:name="com.google.android.play.core.common.PlayCoreDialogWrapperActivity"
231-->[com.google.android.play:core-common:2.0.3] AndroidManifest.xml:15:13-93
232            android:exported="false"
232-->[com.google.android.play:core-common:2.0.3] AndroidManifest.xml:16:13-37
233            android:stateNotNeeded="true"
233-->[com.google.android.play:core-common:2.0.3] AndroidManifest.xml:17:13-42
234            android:theme="@style/Theme.PlayCore.Transparent" />
234-->[com.google.android.play:core-common:2.0.3] AndroidManifest.xml:18:13-62
235    </application>
236
237</manifest>